#
# There is insufficient memory for the Java Runtime Environment to continue.
# Native memory allocation (mmap) failed to map 1073741824 bytes for committing reserved memory.
# Possible reasons:
#   The system is out of physical RAM or swap space
#   In 32 bit mode, the process size limit was hit
# Possible solutions:
#   Reduce memory load on the system
#   Increase physical memory or swap space
#   Check if swap backing store is full
#   Use 64 bit Java on a 64 bit OS
#   Decrease Java heap size (-Xmx/-Xms)
#   Decrease number of Java threads
#   Decrease Java thread stack sizes (-Xss)
#   Set larger code cache with -XX:ReservedCodeCacheSize=
# This output file may be truncated or incomplete.
#
#  Out of Memory Error (os_linux.cpp:2627), pid=21589, tid=140040809490176
#
# JRE version:  (8.0_77-b03) (build )
# Java VM: Java HotSpot(TM) 64-Bit Server VM (25.77-b03 mixed mode linux-amd64 compressed oops)
# Failed to write core dump. Core dumps have been disabled. To enable core dumping, try "ulimit -c unlimited" before starting Java again
#

---------------  T H R E A D  ---------------

Current thread (0x00007f5dc400a800):  JavaThread "Unknown thread" [_thread_in_vm, id=21591, stack(0x00007f5dcaa42000,0x00007f5dcab43000)]

Stack: [0x00007f5dcaa42000,0x00007f5dcab43000],  sp=0x00007f5dcab40e00,  free space=1019k
Native frames: (J=compiled Java code, j=interpreted, Vv=VM code, C=native code)
V  [libjvm.so+0xaba7ea]  VMError::report_and_die()+0x2ba
V  [libjvm.so+0x4f9e3b]  report_vm_out_of_memory(char const*, int, unsigned long, VMErrorType, char const*)+0x8b
V  [libjvm.so+0x91b613]  os::Linux::commit_memory_impl(char*, unsigned long, bool)+0x103
V  [libjvm.so+0x91bab5]  os::pd_commit_memory_or_exit(char*, unsigned long, unsigned long, bool, char const*)+0x35
V  [libjvm.so+0x915b86]  os::commit_memory_or_exit(char*, unsigned long, unsigned long, bool, char const*)+0x26
V  [libjvm.so+0x5c07bf]  G1PageBasedVirtualSpace::commit_internal(unsigned long, unsigned long)+0xbf
V  [libjvm.so+0x5c0a4c]  G1PageBasedVirtualSpace::commit(unsigned long, unsigned long)+0x11c
V  [libjvm.so+0x5c3690]  G1RegionsLargerThanCommitSizeMapper::commit_regions(unsigned int, unsigned long)+0x40
V  [libjvm.so+0x625b77]  HeapRegionManager::commit_regions(unsigned int, unsigned long)+0x77
V  [libjvm.so+0x626e11]  HeapRegionManager::make_regions_available(unsigned int, unsigned int)+0x31
V  [libjvm.so+0x627390]  HeapRegionManager::expand_by(unsigned int)+0xb0
V  [libjvm.so+0x597b79]  G1CollectedHeap::expand(unsigned long)+0x199
V  [libjvm.so+0x59de85]  G1CollectedHeap::initialize()+0x895
V  [libjvm.so+0xa8301b]  Universe::initialize_heap()+0xfb
V  [libjvm.so+0xa8338e]  universe_init()+0x3e
V  [libjvm.so+0x6392c5]  init_globals()+0x65
V  [libjvm.so+0xa6758e]  Threads::create_vm(JavaVMInitArgs*, bool*)+0x23e
V  [libjvm.so+0x6cd7e4]  JNI_CreateJavaVM+0x74
C  [libjli.so+0x745e]  JavaMain+0x9e
C  [libpthread.so.0+0x8182]  start_thread+0xc2


---------------  P R O C E S S  ---------------

Java Threads: ( => current thread )

Other Threads:

=>0x00007f5dc400a800 (exited) JavaThread "Unknown thread" [_thread_in_vm, id=21591, stack(0x00007f5dcaa42000,0x00007f5dcab43000)]

VM state:not at safepoint (not fully initialized)

VM Mutex/Monitor currently owned by a thread:  ([mutex/lock_event])
[0x00007f5dc4006d70] Heap_lock - owner thread: 0x00007f5dc400a800

GC Heap History (0 events):
No events

Deoptimization events (0 events):
No events

Internal exceptions (0 events):
No events

Events (0 events):
No events


Dynamic libraries:
00400000-00401000 r-xp 00000000 08:01 1183074                            /usr/lib/jvm/java-8-oracle/bin/java
00600000-00601000 rw-p 00000000 08:01 1183074                            /usr/lib/jvm/java-8-oracle/bin/java
01e1a000-01e3b000 rw-p 00000000 00:00 0                                  [heap]
7f5d90000000-7f5d90021000 rw-p 00000000 00:00 0 
7f5d90021000-7f5d94000000 ---p 00000000 00:00 0 
7f5d94000000-7f5d94021000 rw-p 00000000 00:00 0 
7f5d94021000-7f5d98000000 ---p 00000000 00:00 0 
7f5d9a000000-7f5d9c000000 rw-p 00000000 00:00 0 
7f5d9c000000-7f5d9c021000 rw-p 00000000 00:00 0 
7f5d9c021000-7f5da0000000 ---p 00000000 00:00 0 
7f5da0000000-7f5da0021000 rw-p 00000000 00:00 0 
7f5da0021000-7f5da4000000 ---p 00000000 00:00 0 
7f5da5177000-7f5da55fe000 rw-p 00000000 00:00 0 
7f5da55fe000-7f5da55ff000 ---p 00000000 00:00 0 
7f5da55ff000-7f5da56ff000 rw-p 00000000 00:00 0                          [stack:21598]
7f5da56ff000-7f5da5700000 ---p 00000000 00:00 0 
7f5da5700000-7f5da5800000 rw-p 00000000 00:00 0                          [stack:21597]
7f5da5800000-7f5da8000000 ---p 00000000 00:00 0 
7f5da8000000-7f5da8021000 rw-p 00000000 00:00 0 
7f5da8021000-7f5dac000000 ---p 00000000 00:00 0 
7f5dac000000-7f5dac021000 rw-p 00000000 00:00 0 
7f5dac021000-7f5db0000000 ---p 00000000 00:00 0 
7f5db0000000-7f5db0021000 rw-p 00000000 00:00 0 
7f5db0021000-7f5db4000000 ---p 00000000 00:00 0 
7f5db4007000-7f5db4008000 ---p 00000000 00:00 0 
7f5db4008000-7f5db4108000 rw-p 00000000 00:00 0                          [stack:21596]
7f5db4108000-7f5db4109000 ---p 00000000 00:00 0 
7f5db4109000-7f5db4209000 rw-p 00000000 00:00 0                          [stack:21595]
7f5db4209000-7f5db420a000 ---p 00000000 00:00 0 
7f5db420a000-7f5db450c000 rw-p 00000000 00:00 0                          [stack:21594]
7f5db450c000-7f5db450d000 ---p 00000000 00:00 0 
7f5db450d000-7f5db4617000 rw-p 00000000 00:00 0                          [stack:21593]
7f5db4617000-7f5db49cd000 ---p 00000000 00:00 0 
7f5db49cd000-7f5db4c3d000 rwxp 00000000 00:00 0 
7f5db4c3d000-7f5dc39cd000 ---p 00000000 00:00 0 
7f5dc39cd000-7f5dc39e7000 r-xp 00000000 08:01 930069                     /usr/lib/jvm/java-8-oracle/jre/lib/amd64/libzip.so
7f5dc39e7000-7f5dc3be7000 ---p 0001a000 08:01 930069                     /usr/lib/jvm/java-8-oracle/jre/lib/amd64/libzip.so
7f5dc3be7000-7f5dc3be8000 rw-p 0001a000 08:01 930069                     /usr/lib/jvm/java-8-oracle/jre/lib/amd64/libzip.so
7f5dc3be8000-7f5dc3bf3000 r-xp 00000000 08:01 2049                       /lib/x86_64-linux-gnu/libnss_files-2.19.so
7f5dc3bf3000-7f5dc3df2000 ---p 0000b000 08:01 2049                       /lib/x86_64-linux-gnu/libnss_files-2.19.so
7f5dc3df2000-7f5dc3df3000 r--p 0000a000 08:01 2049                       /lib/x86_64-linux-gnu/libnss_files-2.19.so
7f5dc3df3000-7f5dc3df4000 rw-p 0000b000 08:01 2049                       /lib/x86_64-linux-gnu/libnss_files-2.19.so
7f5dc3df4000-7f5dc3dff000 r-xp 00000000 08:01 1918                       /lib/x86_64-linux-gnu/libnss_nis-2.19.so
7f5dc3dff000-7f5dc3ffe000 ---p 0000b000 08:01 1918                       /lib/x86_64-linux-gnu/libnss_nis-2.19.so
7f5dc3ffe000-7f5dc3fff000 r--p 0000a000 08:01 1918                       /lib/x86_64-linux-gnu/libnss_nis-2.19.so
7f5dc3fff000-7f5dc4000000 rw-p 0000b000 08:01 1918                       /lib/x86_64-linux-gnu/libnss_nis-2.19.so
7f5dc4000000-7f5dc405c000 rw-p 00000000 00:00 0 
7f5dc405c000-7f5dc8000000 ---p 00000000 00:00 0 
7f5dc80ed000-7f5dc80ee000 ---p 00000000 00:00 0 
7f5dc80ee000-7f5dc81ee000 rw-p 00000000 00:00 0                          [stack:21592]
7f5dc81ee000-7f5dc8205000 r-xp 00000000 08:01 1955                       /lib/x86_64-linux-gnu/libnsl-2.19.so
7f5dc8205000-7f5dc8404000 ---p 00017000 08:01 1955                       /lib/x86_64-linux-gnu/libnsl-2.19.so
7f5dc8404000-7f5dc8405000 r--p 00016000 08:01 1955                       /lib/x86_64-linux-gnu/libnsl-2.19.so
7f5dc8405000-7f5dc8406000 rw-p 00017000 08:01 1955                       /lib/x86_64-linux-gnu/libnsl-2.19.so
7f5dc8406000-7f5dc8408000 rw-p 00000000 00:00 0 
7f5dc8408000-7f5dc8411000 r-xp 00000000 08:01 1852                       /lib/x86_64-linux-gnu/libnss_compat-2.19.so
7f5dc8411000-7f5dc8610000 ---p 00009000 08:01 1852                       /lib/x86_64-linux-gnu/libnss_compat-2.19.so
7f5dc8610000-7f5dc8611000 r--p 00008000 08:01 1852                       /lib/x86_64-linux-gnu/libnss_compat-2.19.so
7f5dc8611000-7f5dc8612000 rw-p 00009000 08:01 1852                       /lib/x86_64-linux-gnu/libnss_compat-2.19.so
7f5dc8612000-7f5dc863c000 r-xp 00000000 08:01 930056                     /usr/lib/jvm/java-8-oracle/jre/lib/amd64/libjava.so
7f5dc863c000-7f5dc883c000 ---p 0002a000 08:01 930056                     /usr/lib/jvm/java-8-oracle/jre/lib/amd64/libjava.so
7f5dc883c000-7f5dc883e000 rw-p 0002a000 08:01 930056                     /usr/lib/jvm/java-8-oracle/jre/lib/amd64/libjava.so
7f5dc883e000-7f5dc884b000 r-xp 00000000 08:01 930043                     /usr/lib/jvm/java-8-oracle/jre/lib/amd64/libverify.so
7f5dc884b000-7f5dc8a4b000 ---p 0000d000 08:01 930043                     /usr/lib/jvm/java-8-oracle/jre/lib/amd64/libverify.so
7f5dc8a4b000-7f5dc8a4d000 rw-p 0000d000 08:01 930043                     /usr/lib/jvm/java-8-oracle/jre/lib/amd64/libverify.so
7f5dc8a4d000-7f5dc8a54000 r-xp 00000000 08:01 2066                       /lib/x86_64-linux-gnu/librt-2.19.so
7f5dc8a54000-7f5dc8c53000 ---p 00007000 08:01 2066                       /lib/x86_64-linux-gnu/librt-2.19.so
7f5dc8c53000-7f5dc8c54000 r--p 00006000 08:01 2066                       /lib/x86_64-linux-gnu/librt-2.19.so
7f5dc8c54000-7f5dc8c55000 rw-p 00007000 08:01 2066                       /lib/x86_64-linux-gnu/librt-2.19.so
7f5dc8c55000-7f5dc8d5a000 r-xp 00000000 08:01 1951                       /lib/x86_64-linux-gnu/libm-2.19.so
7f5dc8d5a000-7f5dc8f59000 ---p 00105000 08:01 1951                       /lib/x86_64-linux-gnu/libm-2.19.so
7f5dc8f59000-7f5dc8f5a000 r--p 00104000 08:01 1951                       /lib/x86_64-linux-gnu/libm-2.19.so
7f5dc8f5a000-7f5dc8f5b000 rw-p 00105000 08:01 1951                       /lib/x86_64-linux-gnu/libm-2.19.so
7f5dc8f5b000-7f5dc9c1a000 r-xp 00000000 08:01 930063                     /usr/lib/jvm/java-8-oracle/jre/lib/amd64/server/libjvm.so
7f5dc9c1a000-7f5dc9e19000 ---p 00cbf000 08:01 930063                     /usr/lib/jvm/java-8-oracle/jre/lib/amd64/server/libjvm.so
7f5dc9e19000-7f5dc9ef2000 rw-p 00cbe000 08:01 930063                     /usr/lib/jvm/java-8-oracle/jre/lib/amd64/server/libjvm.so
7f5dc9ef2000-7f5dc9f3b000 rw-p 00000000 00:00 0 
7f5dc9f3b000-7f5dca0f6000 r-xp 00000000 08:01 1969                       /lib/x86_64-linux-gnu/libc-2.19.so
7f5dca0f6000-7f5dca2f5000 ---p 001bb000 08:01 1969                       /lib/x86_64-linux-gnu/libc-2.19.so
7f5dca2f5000-7f5dca2f9000 r--p 001ba000 08:01 1969                       /lib/x86_64-linux-gnu/libc-2.19.so
7f5dca2f9000-7f5dca2fb000 rw-p 001be000 08:01 1969                       /lib/x86_64-linux-gnu/libc-2.19.so
7f5dca2fb000-7f5dca300000 rw-p 00000000 00:00 0 
7f5dca300000-7f5dca303000 r-xp 00000000 08:01 1881                       /lib/x86_64-linux-gnu/libdl-2.19.so
7f5dca303000-7f5dca502000 ---p 00003000 08:01 1881                       /lib/x86_64-linux-gnu/libdl-2.19.so
7f5dca502000-7f5dca503000 r--p 00002000 08:01 1881                       /lib/x86_64-linux-gnu/libdl-2.19.so
7f5dca503000-7f5dca504000 rw-p 00003000 08:01 1881                       /lib/x86_64-linux-gnu/libdl-2.19.so
7f5dca504000-7f5dca519000 r-xp 00000000 08:01 1183105                    /usr/lib/jvm/java-8-oracle/lib/amd64/jli/libjli.so
7f5dca519000-7f5dca719000 ---p 00015000 08:01 1183105                    /usr/lib/jvm/java-8-oracle/lib/amd64/jli/libjli.so
7f5dca719000-7f5dca71a000 rw-p 00015000 08:01 1183105                    /usr/lib/jvm/java-8-oracle/lib/amd64/jli/libjli.so
7f5dca71a000-7f5dca733000 r-xp 00000000 08:01 1927                       /lib/x86_64-linux-gnu/libpthread-2.19.so
7f5dca733000-7f5dca932000 ---p 00019000 08:01 1927                       /lib/x86_64-linux-gnu/libpthread-2.19.so
7f5dca932000-7f5dca933000 r--p 00018000 08:01 1927                       /lib/x86_64-linux-gnu/libpthread-2.19.so
7f5dca933000-7f5dca934000 rw-p 00019000 08:01 1927                       /lib/x86_64-linux-gnu/libpthread-2.19.so
7f5dca934000-7f5dca938000 rw-p 00000000 00:00 0 
7f5dca938000-7f5dca95b000 r-xp 00000000 08:01 2025                       /lib/x86_64-linux-gnu/ld-2.19.so
7f5dca97f000-7f5dcaa42000 rw-p 00000000 00:00 0 
7f5dcaa42000-7f5dcaa45000 ---p 00000000 00:00 0 
7f5dcaa45000-7f5dcab47000 rw-p 00000000 00:00 0                          [stack:21591]
7f5dcab4b000-7f5dcab4e000 rw-p 00000000 00:00 0 
7f5dcab4e000-7f5dcab56000 rw-s 00000000 08:01 411592                     /tmp/hsperfdata_root/21589
7f5dcab56000-7f5dcab57000 rw-p 00000000 00:00 0 
7f5dcab57000-7f5dcab58000 r--p 00000000 00:00 0 
7f5dcab58000-7f5dcab5a000 rw-p 00000000 00:00 0 
7f5dcab5a000-7f5dcab5b000 r--p 00022000 08:01 2025                       /lib/x86_64-linux-gnu/ld-2.19.so
7f5dcab5b000-7f5dcab5c000 rw-p 00023000 08:01 2025                       /lib/x86_64-linux-gnu/ld-2.19.so
7f5dcab5c000-7f5dcab5d000 rw-p 00000000 00:00 0 
7ffca5045000-7ffca5066000 rw-p 00000000 00:00 0                          [stack]
7ffca50e3000-7ffca50e5000 r-xp 00000000 00:00 0                          [vdso]
ffffffffff600000-ffffffffff601000 r-xp 00000000 00:00 0                  [vsyscall]

VM Arguments:
jvm_args: -XX:+UseG1GC -Xmx1G -Xms1G -XX:+UseTLAB -XX:+ResizeTLAB 
java_command: /root/IdeaProjects/cassandra-loader/build/cassandra-unloader -host 10.94.153.21 -f cos_goid_out.csv -schema cos.goid(goid, id, isopen, objects, resgrp) -boolStyle 1_0
java_class_path (initial): /root/IdeaProjects/cassandra-loader/build/cassandra-unloader
Launcher Type: SUN_STANDARD

Environment Variables:
JAVA_HOME=/usr/lib/jvm/java-8-oracle
PATH=/usr/local/sbin:/usr/local/bin:/usr/sbin:/usr/bin:/sbin:/bin:/usr/games:/usr/local/games:/usr/lib/jvm/java-8-oracle/bin:/usr/lib/jvm/java-8-oracle/db/bin:/usr/lib/jvm/java-8-oracle/jre/bin
SHELL=/bin/bash
DISPLAY=:0

Signal Handlers:
SIGSEGV: [libjvm.so+0xabb070], sa_mask[0]=11111111011111111101111111111110, sa_flags=SA_RESTART|SA_SIGINFO
SIGBUS: [libjvm.so+0xabb070], sa_mask[0]=11111111011111111101111111111110, sa_flags=SA_RESTART|SA_SIGINFO
SIGFPE: [libjvm.so+0x918480], sa_mask[0]=11111111011111111101111111111110, sa_flags=SA_RESTART|SA_SIGINFO
SIGPIPE: [libjvm.so+0x918480], sa_mask[0]=11111111011111111101111111111110, sa_flags=SA_RESTART|SA_SIGINFO
SIGXFSZ: [libjvm.so+0x918480], sa_mask[0]=11111111011111111101111111111110, sa_flags=SA_RESTART|SA_SIGINFO
SIGILL: [libjvm.so+0x918480], sa_mask[0]=11111111011111111101111111111110, sa_flags=SA_RESTART|SA_SIGINFO
SIGUSR1: SIG_DFL, sa_mask[0]=00000000000000000000000000000000, sa_flags=none
SIGUSR2: [libjvm.so+0x919ab0], sa_mask[0]=00000000000000000000000000000000, sa_flags=SA_RESTART|SA_SIGINFO
SIGHUP: SIG_DFL, sa_mask[0]=00000000000000000000000000000000, sa_flags=none
SIGINT: SIG_DFL, sa_mask[0]=00000000000000000000000000000000, sa_flags=none
SIGTERM: SIG_DFL, sa_mask[0]=00000000000000000000000000000000, sa_flags=none
SIGQUIT: SIG_DFL, sa_mask[0]=00000000000000000000000000000000, sa_flags=none


---------------  S Y S T E M  ---------------

OS:DISTRIB_ID=Ubuntu
DISTRIB_RELEASE=14.04
DISTRIB_CODENAME=trusty
DISTRIB_DESCRIPTION="Ubuntu 14.04.2 LTS"

uname:Linux 3.13.0-52-generic #86-Ubuntu SMP Mon May 4 04:32:59 UTC 2015 x86_64
libc:glibc 2.19 NPTL 2.19 
rlimit: STACK 8192k, CORE 0k, NPROC 23867, NOFILE 4096, AS infinity
load average:0.75 0.78 0.68

/proc/meminfo:
MemTotal:        3082112 kB
MemFree:          220136 kB
Buffers:           46152 kB
Cached:           581340 kB
SwapCached:            0 kB
Active:          2369832 kB
Inactive:         345204 kB
Active(anon):    2090068 kB
Inactive(anon):    83156 kB
Active(file):     279764 kB
Inactive(file):   262048 kB
Unevictable:           0 kB
Mlocked:               0 kB
SwapTotal:             0 kB
SwapFree:              0 kB
Dirty:               220 kB
Writeback:             0 kB
AnonPages:       2087524 kB
Mapped:           167580 kB
Shmem:             85632 kB
Slab:              83396 kB
SReclaimable:      63416 kB
SUnreclaim:        19980 kB
KernelStack:        3768 kB
PageTables:        26404 kB
NFS_Unstable:          0 kB
Bounce:                0 kB
WritebackTmp:          0 kB
CommitLimit:     1541056 kB
Committed_AS:    4795656 kB
VmallocTotal:   34359738367 kB
VmallocUsed:       34864 kB
VmallocChunk:   34359696936 kB
HardwareCorrupted:     0 kB
AnonHugePages:   1355776 kB
HugePages_Total:       0
HugePages_Free:        0
HugePages_Rsvd:        0
HugePages_Surp:        0
Hugepagesize:       2048 kB
DirectMap4k:       57280 kB
DirectMap2M:     3088384 kB


CPU:total 2 (2 cores per cpu, 1 threads per core) family 6 model 60 stepping 3, cmov, cx8, fxsr, mmx, sse, sse2, sse3, ssse3, sse4.1, sse4.2, popcnt, avx, aes, clmul, lzcnt, tsc, tscinvbit

/proc/cpuinfo:
processor	: 0
vendor_id	: GenuineIntel
cpu family	: 6
model		: 60
model name	: Intel(R) Core(TM) i7-4800MQ CPU @ 2.70GHz
stepping	: 3
cpu MHz		: 2693.897
cache size	: 6144 KB
physical id	: 0
siblings	: 2
core id		: 0
cpu cores	: 2
apicid		: 0
initial apicid	: 0
fpu		: yes
fpu_exception	: yes
cpuid level	: 13
wp		: yes
flags		: fpu vme de pse tsc msr pae mce cx8 apic sep mtrr pge mca cmov pat pse36 clflush mmx fxsr sse sse2 ht syscall nx rdtscp lm constant_tsc rep_good nopl xtopology nonstop_tsc pni pclmulqdq ssse3 cx16 sse4_1 sse4_2 movbe popcnt aes xsave avx rdrand lahf_lm abm
bogomips	: 5387.79
clflush size	: 64
cache_alignment	: 64
address sizes	: 39 bits physical, 48 bits virtual
power management:

processor	: 1
vendor_id	: GenuineIntel
cpu family	: 6
model		: 60
model name	: Intel(R) Core(TM) i7-4800MQ CPU @ 2.70GHz
stepping	: 3
cpu MHz		: 2693.897
cache size	: 6144 KB
physical id	: 0
siblings	: 2
core id		: 1
cpu cores	: 2
apicid		: 1
initial apicid	: 1
fpu		: yes
fpu_exception	: yes
cpuid level	: 13
wp		: yes
flags		: fpu vme de pse tsc msr pae mce cx8 apic sep mtrr pge mca cmov pat pse36 clflush mmx fxsr sse sse2 ht syscall nx rdtscp lm constant_tsc rep_good nopl xtopology nonstop_tsc pni pclmulqdq ssse3 cx16 sse4_1 sse4_2 movbe popcnt aes xsave avx rdrand lahf_lm abm
bogomips	: 5387.79
clflush size	: 64
cache_alignment	: 64
address sizes	: 39 bits physical, 48 bits virtual
power management:



Memory: 4k page, physical 3082112k(220020k free), swap 0k(0k free)

vm_info: Java HotSpot(TM) 64-Bit Server VM (25.77-b03) for linux-amd64 JRE (1.8.0_77-b03), built on Mar 20 2016 22:00:46 by "java_re" with gcc 4.3.0 20080428 (Red Hat 4.3.0-8)

time: Thu May 18 05:03:29 2017
elapsed time: 0 seconds (0d 0h 0m 0s)

