#
# There is insufficient memory for the Java Runtime Environment to continue.
# Native memory allocation (mmap) failed to map 1073741824 bytes for committing reserved memory.
# Possible reasons:
#   The system is out of physical RAM or swap space
#   In 32 bit mode, the process size limit was hit
# Possible solutions:
#   Reduce memory load on the system
#   Increase physical memory or swap space
#   Check if swap backing store is full
#   Use 64 bit Java on a 64 bit OS
#   Decrease Java heap size (-Xmx/-Xms)
#   Decrease number of Java threads
#   Decrease Java thread stack sizes (-Xss)
#   Set larger code cache with -XX:ReservedCodeCacheSize=
# This output file may be truncated or incomplete.
#
#  Out of Memory Error (os_linux.cpp:2627), pid=21632, tid=139635320932096
#
# JRE version:  (8.0_77-b03) (build )
# Java VM: Java HotSpot(TM) 64-Bit Server VM (25.77-b03 mixed mode linux-amd64 compressed oops)
# Failed to write core dump. Core dumps have been disabled. To enable core dumping, try "ulimit -c unlimited" before starting Java again
#

---------------  T H R E A D  ---------------

Current thread (0x00007eff5800a800):  JavaThread "Unknown thread" [_thread_in_vm, id=21634, stack(0x00007eff61a3c000,0x00007eff61b3d000)]

Stack: [0x00007eff61a3c000,0x00007eff61b3d000],  sp=0x00007eff61b3ae00,  free space=1019k
Native frames: (J=compiled Java code, j=interpreted, Vv=VM code, C=native code)
V  [libjvm.so+0xaba7ea]  VMError::report_and_die()+0x2ba
V  [libjvm.so+0x4f9e3b]  report_vm_out_of_memory(char const*, int, unsigned long, VMErrorType, char const*)+0x8b
V  [libjvm.so+0x91b613]  os::Linux::commit_memory_impl(char*, unsigned long, bool)+0x103
V  [libjvm.so+0x91bab5]  os::pd_commit_memory_or_exit(char*, unsigned long, unsigned long, bool, char const*)+0x35
V  [libjvm.so+0x915b86]  os::commit_memory_or_exit(char*, unsigned long, unsigned long, bool, char const*)+0x26
V  [libjvm.so+0x5c07bf]  G1PageBasedVirtualSpace::commit_internal(unsigned long, unsigned long)+0xbf
V  [libjvm.so+0x5c0a4c]  G1PageBasedVirtualSpace::commit(unsigned long, unsigned long)+0x11c
V  [libjvm.so+0x5c3690]  G1RegionsLargerThanCommitSizeMapper::commit_regions(unsigned int, unsigned long)+0x40
V  [libjvm.so+0x625b77]  HeapRegionManager::commit_regions(unsigned int, unsigned long)+0x77
V  [libjvm.so+0x626e11]  HeapRegionManager::make_regions_available(unsigned int, unsigned int)+0x31
V  [libjvm.so+0x627390]  HeapRegionManager::expand_by(unsigned int)+0xb0
V  [libjvm.so+0x597b79]  G1CollectedHeap::expand(unsigned long)+0x199
V  [libjvm.so+0x59de85]  G1CollectedHeap::initialize()+0x895
V  [libjvm.so+0xa8301b]  Universe::initialize_heap()+0xfb
V  [libjvm.so+0xa8338e]  universe_init()+0x3e
V  [libjvm.so+0x6392c5]  init_globals()+0x65
V  [libjvm.so+0xa6758e]  Threads::create_vm(JavaVMInitArgs*, bool*)+0x23e
V  [libjvm.so+0x6cd7e4]  JNI_CreateJavaVM+0x74
C  [libjli.so+0x745e]  JavaMain+0x9e
C  [libpthread.so.0+0x8182]  start_thread+0xc2


---------------  P R O C E S S  ---------------

Java Threads: ( => current thread )

Other Threads:

=>0x00007eff5800a800 (exited) JavaThread "Unknown thread" [_thread_in_vm, id=21634, stack(0x00007eff61a3c000,0x00007eff61b3d000)]

VM state:not at safepoint (not fully initialized)

VM Mutex/Monitor currently owned by a thread:  ([mutex/lock_event])
[0x00007eff58006d70] Heap_lock - owner thread: 0x00007eff5800a800

GC Heap History (0 events):
No events

Deoptimization events (0 events):
No events

Internal exceptions (0 events):
No events

Events (0 events):
No events


Dynamic libraries:
00400000-00401000 r-xp 00000000 08:01 1183074                            /usr/lib/jvm/java-8-oracle/bin/java
00600000-00601000 rw-p 00000000 08:01 1183074                            /usr/lib/jvm/java-8-oracle/bin/java
01369000-0138a000 rw-p 00000000 00:00 0                                  [heap]
7eff28000000-7eff28021000 rw-p 00000000 00:00 0 
7eff28021000-7eff2c000000 ---p 00000000 00:00 0 
7eff2c000000-7eff2c021000 rw-p 00000000 00:00 0 
7eff2c021000-7eff30000000 ---p 00000000 00:00 0 
7eff32000000-7eff34000000 rw-p 00000000 00:00 0 
7eff34000000-7eff34021000 rw-p 00000000 00:00 0 
7eff34021000-7eff38000000 ---p 00000000 00:00 0 
7eff38000000-7eff38021000 rw-p 00000000 00:00 0 
7eff38021000-7eff3c000000 ---p 00000000 00:00 0 
7eff3c000000-7eff3c021000 rw-p 00000000 00:00 0 
7eff3c021000-7eff40000000 ---p 00000000 00:00 0 
7eff40000000-7eff40021000 rw-p 00000000 00:00 0 
7eff40021000-7eff44000000 ---p 00000000 00:00 0 
7eff44000000-7eff44021000 rw-p 00000000 00:00 0 
7eff44021000-7eff49000000 ---p 00000000 00:00 0 
7eff49000000-7eff49270000 rwxp 00000000 00:00 0 
7eff49270000-7eff58000000 ---p 00000000 00:00 0 
7eff58000000-7eff5805c000 rw-p 00000000 00:00 0 
7eff5805c000-7eff5c000000 ---p 00000000 00:00 0 
7eff5c265000-7eff5c6ec000 rw-p 00000000 00:00 0 
7eff5c6ec000-7eff5c6ed000 ---p 00000000 00:00 0 
7eff5c6ed000-7eff5c7ed000 rw-p 00000000 00:00 0                          [stack:21641]
7eff5c7ed000-7eff5c7ee000 ---p 00000000 00:00 0 
7eff5c7ee000-7eff5c8ee000 rw-p 00000000 00:00 0                          [stack:21640]
7eff5c8ee000-7eff5e0ee000 ---p 00000000 00:00 0 
7eff5e0ee000-7eff5e0ef000 ---p 00000000 00:00 0 
7eff5e0ef000-7eff5e1ef000 rw-p 00000000 00:00 0                          [stack:21639]
7eff5e1ef000-7eff5e1f0000 ---p 00000000 00:00 0 
7eff5e1f0000-7eff5e2f0000 rw-p 00000000 00:00 0                          [stack:21638]
7eff5e2f0000-7eff5e2f1000 ---p 00000000 00:00 0 
7eff5e2f1000-7eff5e5f3000 rw-p 00000000 00:00 0                          [stack:21637]
7eff5e5f3000-7eff5e5f4000 ---p 00000000 00:00 0 
7eff5e5f4000-7eff5e6f4000 rw-p 00000000 00:00 0                          [stack:21636]
7eff5e6f4000-7eff5e6f5000 ---p 00000000 00:00 0 
7eff5e6f5000-7eff5e7ff000 rw-p 00000000 00:00 0                          [stack:21635]
7eff5e7ff000-7eff5ebb5000 ---p 00000000 00:00 0 
7eff5ebb5000-7eff5ebcf000 r-xp 00000000 08:01 930069                     /usr/lib/jvm/java-8-oracle/jre/lib/amd64/libzip.so
7eff5ebcf000-7eff5edcf000 ---p 0001a000 08:01 930069                     /usr/lib/jvm/java-8-oracle/jre/lib/amd64/libzip.so
7eff5edcf000-7eff5edd0000 rw-p 0001a000 08:01 930069                     /usr/lib/jvm/java-8-oracle/jre/lib/amd64/libzip.so
7eff5edd0000-7eff5eddb000 r-xp 00000000 08:01 2049                       /lib/x86_64-linux-gnu/libnss_files-2.19.so
7eff5eddb000-7eff5efda000 ---p 0000b000 08:01 2049                       /lib/x86_64-linux-gnu/libnss_files-2.19.so
7eff5efda000-7eff5efdb000 r--p 0000a000 08:01 2049                       /lib/x86_64-linux-gnu/libnss_files-2.19.so
7eff5efdb000-7eff5efdc000 rw-p 0000b000 08:01 2049                       /lib/x86_64-linux-gnu/libnss_files-2.19.so
7eff5efdc000-7eff5efe7000 r-xp 00000000 08:01 1918                       /lib/x86_64-linux-gnu/libnss_nis-2.19.so
7eff5efe7000-7eff5f1e6000 ---p 0000b000 08:01 1918                       /lib/x86_64-linux-gnu/libnss_nis-2.19.so
7eff5f1e6000-7eff5f1e7000 r--p 0000a000 08:01 1918                       /lib/x86_64-linux-gnu/libnss_nis-2.19.so
7eff5f1e7000-7eff5f1e8000 rw-p 0000b000 08:01 1918                       /lib/x86_64-linux-gnu/libnss_nis-2.19.so
7eff5f1e8000-7eff5f1ff000 r-xp 00000000 08:01 1955                       /lib/x86_64-linux-gnu/libnsl-2.19.so
7eff5f1ff000-7eff5f3fe000 ---p 00017000 08:01 1955                       /lib/x86_64-linux-gnu/libnsl-2.19.so
7eff5f3fe000-7eff5f3ff000 r--p 00016000 08:01 1955                       /lib/x86_64-linux-gnu/libnsl-2.19.so
7eff5f3ff000-7eff5f400000 rw-p 00017000 08:01 1955                       /lib/x86_64-linux-gnu/libnsl-2.19.so
7eff5f400000-7eff5f402000 rw-p 00000000 00:00 0 
7eff5f402000-7eff5f40b000 r-xp 00000000 08:01 1852                       /lib/x86_64-linux-gnu/libnss_compat-2.19.so
7eff5f40b000-7eff5f60a000 ---p 00009000 08:01 1852                       /lib/x86_64-linux-gnu/libnss_compat-2.19.so
7eff5f60a000-7eff5f60b000 r--p 00008000 08:01 1852                       /lib/x86_64-linux-gnu/libnss_compat-2.19.so
7eff5f60b000-7eff5f60c000 rw-p 00009000 08:01 1852                       /lib/x86_64-linux-gnu/libnss_compat-2.19.so
7eff5f60c000-7eff5f636000 r-xp 00000000 08:01 930056                     /usr/lib/jvm/java-8-oracle/jre/lib/amd64/libjava.so
7eff5f636000-7eff5f836000 ---p 0002a000 08:01 930056                     /usr/lib/jvm/java-8-oracle/jre/lib/amd64/libjava.so
7eff5f836000-7eff5f838000 rw-p 0002a000 08:01 930056                     /usr/lib/jvm/java-8-oracle/jre/lib/amd64/libjava.so
7eff5f838000-7eff5f845000 r-xp 00000000 08:01 930043                     /usr/lib/jvm/java-8-oracle/jre/lib/amd64/libverify.so
7eff5f845000-7eff5fa45000 ---p 0000d000 08:01 930043                     /usr/lib/jvm/java-8-oracle/jre/lib/amd64/libverify.so
7eff5fa45000-7eff5fa47000 rw-p 0000d000 08:01 930043                     /usr/lib/jvm/java-8-oracle/jre/lib/amd64/libverify.so
7eff5fa47000-7eff5fa4e000 r-xp 00000000 08:01 2066                       /lib/x86_64-linux-gnu/librt-2.19.so
7eff5fa4e000-7eff5fc4d000 ---p 00007000 08:01 2066                       /lib/x86_64-linux-gnu/librt-2.19.so
7eff5fc4d000-7eff5fc4e000 r--p 00006000 08:01 2066                       /lib/x86_64-linux-gnu/librt-2.19.so
7eff5fc4e000-7eff5fc4f000 rw-p 00007000 08:01 2066                       /lib/x86_64-linux-gnu/librt-2.19.so
7eff5fc4f000-7eff5fd54000 r-xp 00000000 08:01 1951                       /lib/x86_64-linux-gnu/libm-2.19.so
7eff5fd54000-7eff5ff53000 ---p 00105000 08:01 1951                       /lib/x86_64-linux-gnu/libm-2.19.so
7eff5ff53000-7eff5ff54000 r--p 00104000 08:01 1951                       /lib/x86_64-linux-gnu/libm-2.19.so
7eff5ff54000-7eff5ff55000 rw-p 00105000 08:01 1951                       /lib/x86_64-linux-gnu/libm-2.19.so
7eff5ff55000-7eff60c14000 r-xp 00000000 08:01 930063                     /usr/lib/jvm/java-8-oracle/jre/lib/amd64/server/libjvm.so
7eff60c14000-7eff60e13000 ---p 00cbf000 08:01 930063                     /usr/lib/jvm/java-8-oracle/jre/lib/amd64/server/libjvm.so
7eff60e13000-7eff60eec000 rw-p 00cbe000 08:01 930063                     /usr/lib/jvm/java-8-oracle/jre/lib/amd64/server/libjvm.so
7eff60eec000-7eff60f35000 rw-p 00000000 00:00 0 
7eff60f35000-7eff610f0000 r-xp 00000000 08:01 1969                       /lib/x86_64-linux-gnu/libc-2.19.so
7eff610f0000-7eff612ef000 ---p 001bb000 08:01 1969                       /lib/x86_64-linux-gnu/libc-2.19.so
7eff612ef000-7eff612f3000 r--p 001ba000 08:01 1969                       /lib/x86_64-linux-gnu/libc-2.19.so
7eff612f3000-7eff612f5000 rw-p 001be000 08:01 1969                       /lib/x86_64-linux-gnu/libc-2.19.so
7eff612f5000-7eff612fa000 rw-p 00000000 00:00 0 
7eff612fa000-7eff612fd000 r-xp 00000000 08:01 1881                       /lib/x86_64-linux-gnu/libdl-2.19.so
7eff612fd000-7eff614fc000 ---p 00003000 08:01 1881                       /lib/x86_64-linux-gnu/libdl-2.19.so
7eff614fc000-7eff614fd000 r--p 00002000 08:01 1881                       /lib/x86_64-linux-gnu/libdl-2.19.so
7eff614fd000-7eff614fe000 rw-p 00003000 08:01 1881                       /lib/x86_64-linux-gnu/libdl-2.19.so
7eff614fe000-7eff61513000 r-xp 00000000 08:01 1183105                    /usr/lib/jvm/java-8-oracle/lib/amd64/jli/libjli.so
7eff61513000-7eff61713000 ---p 00015000 08:01 1183105                    /usr/lib/jvm/java-8-oracle/lib/amd64/jli/libjli.so
7eff61713000-7eff61714000 rw-p 00015000 08:01 1183105                    /usr/lib/jvm/java-8-oracle/lib/amd64/jli/libjli.so
7eff61714000-7eff6172d000 r-xp 00000000 08:01 1927                       /lib/x86_64-linux-gnu/libpthread-2.19.so
7eff6172d000-7eff6192c000 ---p 00019000 08:01 1927                       /lib/x86_64-linux-gnu/libpthread-2.19.so
7eff6192c000-7eff6192d000 r--p 00018000 08:01 1927                       /lib/x86_64-linux-gnu/libpthread-2.19.so
7eff6192d000-7eff6192e000 rw-p 00019000 08:01 1927                       /lib/x86_64-linux-gnu/libpthread-2.19.so
7eff6192e000-7eff61932000 rw-p 00000000 00:00 0 
7eff61932000-7eff61955000 r-xp 00000000 08:01 2025                       /lib/x86_64-linux-gnu/ld-2.19.so
7eff61979000-7eff61a3c000 rw-p 00000000 00:00 0 
7eff61a3c000-7eff61a3f000 ---p 00000000 00:00 0 
7eff61a3f000-7eff61b41000 rw-p 00000000 00:00 0                          [stack:21634]
7eff61b45000-7eff61b48000 rw-p 00000000 00:00 0 
7eff61b48000-7eff61b50000 rw-s 00000000 08:01 411592                     /tmp/hsperfdata_root/21632
7eff61b50000-7eff61b51000 rw-p 00000000 00:00 0 
7eff61b51000-7eff61b52000 r--p 00000000 00:00 0 
7eff61b52000-7eff61b54000 rw-p 00000000 00:00 0 
7eff61b54000-7eff61b55000 r--p 00022000 08:01 2025                       /lib/x86_64-linux-gnu/ld-2.19.so
7eff61b55000-7eff61b56000 rw-p 00023000 08:01 2025                       /lib/x86_64-linux-gnu/ld-2.19.so
7eff61b56000-7eff61b57000 rw-p 00000000 00:00 0 
7fff7f8cd000-7fff7f8ee000 rw-p 00000000 00:00 0                          [stack]
7fff7f9ad000-7fff7f9af000 r-xp 00000000 00:00 0                          [vdso]
ffffffffff600000-ffffffffff601000 r-xp 00000000 00:00 0                  [vsyscall]

VM Arguments:
jvm_args: -XX:+UseG1GC -Xmx1G -Xms1G -XX:+UseTLAB -XX:+ResizeTLAB 
java_command: /root/IdeaProjects/cassandra-loader/build/cassandra-unloader -host 10.94.153.21 -f cos_goid_out.csv -schema cos.goid(goid, id, isopen, objects, resgrp) -boolStyle 1_0
java_class_path (initial): /root/IdeaProjects/cassandra-loader/build/cassandra-unloader
Launcher Type: SUN_STANDARD

Environment Variables:
JAVA_HOME=/usr/lib/jvm/java-8-oracle
PATH=/usr/local/sbin:/usr/local/bin:/usr/sbin:/usr/bin:/sbin:/bin:/usr/games:/usr/local/games:/usr/lib/jvm/java-8-oracle/bin:/usr/lib/jvm/java-8-oracle/db/bin:/usr/lib/jvm/java-8-oracle/jre/bin
SHELL=/bin/bash
DISPLAY=:0

Signal Handlers:
SIGSEGV: [libjvm.so+0xabb070], sa_mask[0]=11111111011111111101111111111110, sa_flags=SA_RESTART|SA_SIGINFO
SIGBUS: [libjvm.so+0xabb070], sa_mask[0]=11111111011111111101111111111110, sa_flags=SA_RESTART|SA_SIGINFO
SIGFPE: [libjvm.so+0x918480], sa_mask[0]=11111111011111111101111111111110, sa_flags=SA_RESTART|SA_SIGINFO
SIGPIPE: [libjvm.so+0x918480], sa_mask[0]=11111111011111111101111111111110, sa_flags=SA_RESTART|SA_SIGINFO
SIGXFSZ: [libjvm.so+0x918480], sa_mask[0]=11111111011111111101111111111110, sa_flags=SA_RESTART|SA_SIGINFO
SIGILL: [libjvm.so+0x918480], sa_mask[0]=11111111011111111101111111111110, sa_flags=SA_RESTART|SA_SIGINFO
SIGUSR1: SIG_DFL, sa_mask[0]=00000000000000000000000000000000, sa_flags=none
SIGUSR2: [libjvm.so+0x919ab0], sa_mask[0]=00000000000000000000000000000000, sa_flags=SA_RESTART|SA_SIGINFO
SIGHUP: SIG_DFL, sa_mask[0]=00000000000000000000000000000000, sa_flags=none
SIGINT: SIG_DFL, sa_mask[0]=00000000000000000000000000000000, sa_flags=none
SIGTERM: SIG_DFL, sa_mask[0]=00000000000000000000000000000000, sa_flags=none
SIGQUIT: SIG_DFL, sa_mask[0]=00000000000000000000000000000000, sa_flags=none


---------------  S Y S T E M  ---------------

OS:DISTRIB_ID=Ubuntu
DISTRIB_RELEASE=14.04
DISTRIB_CODENAME=trusty
DISTRIB_DESCRIPTION="Ubuntu 14.04.2 LTS"

uname:Linux 3.13.0-52-generic #86-Ubuntu SMP Mon May 4 04:32:59 UTC 2015 x86_64
libc:glibc 2.19 NPTL 2.19 
rlimit: STACK 8192k, CORE 0k, NPROC 23867, NOFILE 4096, AS infinity
load average:0.52 0.70 0.67

/proc/meminfo:
MemTotal:        3082112 kB
MemFree:          217320 kB
Buffers:           46248 kB
Cached:           581772 kB
SwapCached:            0 kB
Active:          2372184 kB
Inactive:         345636 kB
Active(anon):    2092276 kB
Inactive(anon):    83256 kB
Active(file):     279908 kB
Inactive(file):   262380 kB
Unevictable:           0 kB
Mlocked:               0 kB
SwapTotal:             0 kB
SwapFree:              0 kB
Dirty:               208 kB
Writeback:             0 kB
AnonPages:       2089792 kB
Mapped:           167536 kB
Shmem:             85732 kB
Slab:              83484 kB
SReclaimable:      63472 kB
SUnreclaim:        20012 kB
KernelStack:        3768 kB
PageTables:        26552 kB
NFS_Unstable:          0 kB
Bounce:                0 kB
WritebackTmp:          0 kB
CommitLimit:     1541056 kB
Committed_AS:    4799092 kB
VmallocTotal:   34359738367 kB
VmallocUsed:       34864 kB
VmallocChunk:   34359696936 kB
HardwareCorrupted:     0 kB
AnonHugePages:   1353728 kB
HugePages_Total:       0
HugePages_Free:        0
HugePages_Rsvd:        0
HugePages_Surp:        0
Hugepagesize:       2048 kB
DirectMap4k:       57280 kB
DirectMap2M:     3088384 kB


CPU:total 2 (2 cores per cpu, 1 threads per core) family 6 model 60 stepping 3, cmov, cx8, fxsr, mmx, sse, sse2, sse3, ssse3, sse4.1, sse4.2, popcnt, avx, aes, clmul, lzcnt, tsc, tscinvbit

/proc/cpuinfo:
processor	: 0
vendor_id	: GenuineIntel
cpu family	: 6
model		: 60
model name	: Intel(R) Core(TM) i7-4800MQ CPU @ 2.70GHz
stepping	: 3
cpu MHz		: 2693.897
cache size	: 6144 KB
physical id	: 0
siblings	: 2
core id		: 0
cpu cores	: 2
apicid		: 0
initial apicid	: 0
fpu		: yes
fpu_exception	: yes
cpuid level	: 13
wp		: yes
flags		: fpu vme de pse tsc msr pae mce cx8 apic sep mtrr pge mca cmov pat pse36 clflush mmx fxsr sse sse2 ht syscall nx rdtscp lm constant_tsc rep_good nopl xtopology nonstop_tsc pni pclmulqdq ssse3 cx16 sse4_1 sse4_2 movbe popcnt aes xsave avx rdrand lahf_lm abm
bogomips	: 5387.79
clflush size	: 64
cache_alignment	: 64
address sizes	: 39 bits physical, 48 bits virtual
power management:

processor	: 1
vendor_id	: GenuineIntel
cpu family	: 6
model		: 60
model name	: Intel(R) Core(TM) i7-4800MQ CPU @ 2.70GHz
stepping	: 3
cpu MHz		: 2693.897
cache size	: 6144 KB
physical id	: 0
siblings	: 2
core id		: 1
cpu cores	: 2
apicid		: 1
initial apicid	: 1
fpu		: yes
fpu_exception	: yes
cpuid level	: 13
wp		: yes
flags		: fpu vme de pse tsc msr pae mce cx8 apic sep mtrr pge mca cmov pat pse36 clflush mmx fxsr sse sse2 ht syscall nx rdtscp lm constant_tsc rep_good nopl xtopology nonstop_tsc pni pclmulqdq ssse3 cx16 sse4_1 sse4_2 movbe popcnt aes xsave avx rdrand lahf_lm abm
bogomips	: 5387.79
clflush size	: 64
cache_alignment	: 64
address sizes	: 39 bits physical, 48 bits virtual
power management:



Memory: 4k page, physical 3082112k(217320k free), swap 0k(0k free)

vm_info: Java HotSpot(TM) 64-Bit Server VM (25.77-b03) for linux-amd64 JRE (1.8.0_77-b03), built on Mar 20 2016 22:00:46 by "java_re" with gcc 4.3.0 20080428 (Red Hat 4.3.0-8)

time: Thu May 18 05:04:30 2017
elapsed time: 0 seconds (0d 0h 0m 0s)

